2024-10-02 22:41:16.716 | INFO     | src.utils.plugin_register:load_plugins:36 - 加载了1个CommandChoiceBase插件
2024-10-02 22:41:16.725 | INFO     | src.utils.plugin_register:load_plugins:36 - 加载了1个CommandIntBase插件
2024-10-02 22:41:16.740 | INFO     | src.utils.plugin_register:load_plugins:36 - 加载了5个CommandTextBase插件
2024-10-02 22:41:16.750 | INFO     | src.utils.plugin_register:load_plugins:36 - 加载了17个CommandFlagBase插件
2024-10-02 22:41:16.753 | INFO     | src.utils.plugin_register:load_plugins:36 - 加载了3个CommandPathBase插件
2024-10-02 22:41:16.756 | INFO     | src.utils.plugin_register:load_plugins:36 - 加载了5个CommandMultipleTimesBase插件
2024-10-02 22:41:17.632 | DEBUG    | src.common.nuitka_command.manager.manager_plugin:fetch_plugin_from_cmd:76 - 获取到29个插件
2024-10-02 22:43:18.714 | INFO     | src.utils.plugin_register:load_plugins:36 - 加载了1个CommandChoiceBase插件
2024-10-02 22:43:18.724 | INFO     | src.utils.plugin_register:load_plugins:36 - 加载了1个CommandIntBase插件
2024-10-02 22:43:18.739 | INFO     | src.utils.plugin_register:load_plugins:36 - 加载了5个CommandTextBase插件
2024-10-02 22:43:18.751 | INFO     | src.utils.plugin_register:load_plugins:36 - 加载了17个CommandFlagBase插件
2024-10-02 22:43:18.754 | INFO     | src.utils.plugin_register:load_plugins:36 - 加载了3个CommandPathBase插件
2024-10-02 22:43:18.758 | INFO     | src.utils.plugin_register:load_plugins:36 - 加载了5个CommandMultipleTimesBase插件
2024-10-02 22:43:19.667 | DEBUG    | src.common.nuitka_command.manager.manager_plugin:fetch_plugin_from_cmd:76 - 获取到29个插件
2024-10-02 22:44:23.261 | INFO     | src.model.basic_model:start:75 - 开始打包: ['E:\\load\\python\\Project\\NuitkaGUI\\.venv\\Scripts\\python.exe', '-m', 'nuitka', '--standalone', '--show-progress', '--show-memory', '--disable-ccache', '--assume-yes-for-downloads', '--warn-implicit-exceptions', '--output-dir=E:\\load\\python\\Project\\nuitkaGUIOld\\测试打包\\output', '--main=E:\\load\\python\\Project\\nuitkaGUIOld\\测试打包\\hello.py', '--windows-icon-from-ico=E:\\load\\python\\Project\\NuitkaGUI\\dependence\\logo.ico']
2024-10-02 22:44:39.005 | CRITICAL | src.component.cmd_text_edit:_handle_exception:131 - Uncaught exception: Traceback (most recent call last):
  File "E:\load\python\Project\nuitkaGUI\.venv\lib\site-packages\qfluentwidgets\components\widgets\state_tool_tip.py", line 156, in __rotateTimerFlowSlot
    def __rotateTimerFlowSlot(self):
KeyboardInterrupt

2024-10-02 22:45:38.654 | INFO     | src.utils.plugin_register:load_plugins:36 - 加载了1个CommandChoiceBase插件
2024-10-02 22:45:38.664 | INFO     | src.utils.plugin_register:load_plugins:36 - 加载了1个CommandIntBase插件
2024-10-02 22:45:38.678 | INFO     | src.utils.plugin_register:load_plugins:36 - 加载了5个CommandTextBase插件
2024-10-02 22:45:38.688 | INFO     | src.utils.plugin_register:load_plugins:36 - 加载了17个CommandFlagBase插件
2024-10-02 22:45:38.691 | INFO     | src.utils.plugin_register:load_plugins:36 - 加载了3个CommandPathBase插件
2024-10-02 22:45:38.696 | INFO     | src.utils.plugin_register:load_plugins:36 - 加载了5个CommandMultipleTimesBase插件
2024-10-02 22:45:39.513 | DEBUG    | src.common.nuitka_command.manager.manager_plugin:fetch_plugin_from_cmd:76 - 获取到29个插件
2024-10-02 22:45:46.869 | INFO     | src.model.basic_model:start:75 - 开始打包: ['E:\\load\\python\\Project\\NuitkaGUI\\.venv\\Scripts\\python.exe', '-m', 'nuitka', '--standalone', '--show-progress', '--show-memory', '--mingw64', '--disable-ccache', '--assume-yes-for-downloads', '--warn-implicit-exceptions', '--output-dir=E:\\load\\python\\Project\\nuitkaGUIOld\\测试打包\\output', '--main=E:\\load\\python\\Project\\nuitkaGUIOld\\测试打包\\hello.py', '--windows-icon-from-ico=E:\\load\\python\\Project\\NuitkaGUI\\dependence\\logo.ico']
2024-10-02 22:46:13.362 | CRITICAL | src.component.cmd_text_edit:_handle_exception:131 - Uncaught exception: Traceback (most recent call last):
  File "E:\load\python\Project\nuitkaGUI\.venv\lib\site-packages\qfluentwidgets\components\widgets\state_tool_tip.py", line 156, in __rotateTimerFlowSlot
    def __rotateTimerFlowSlot(self):
KeyboardInterrupt

2024-10-02 22:46:52.151 | INFO     | src.utils.plugin_register:load_plugins:36 - 加载了1个CommandChoiceBase插件
2024-10-02 22:46:52.160 | INFO     | src.utils.plugin_register:load_plugins:36 - 加载了1个CommandIntBase插件
2024-10-02 22:46:52.177 | INFO     | src.utils.plugin_register:load_plugins:36 - 加载了5个CommandTextBase插件
2024-10-02 22:46:52.187 | INFO     | src.utils.plugin_register:load_plugins:36 - 加载了17个CommandFlagBase插件
2024-10-02 22:46:52.191 | INFO     | src.utils.plugin_register:load_plugins:36 - 加载了3个CommandPathBase插件
2024-10-02 22:46:52.195 | INFO     | src.utils.plugin_register:load_plugins:36 - 加载了5个CommandMultipleTimesBase插件
2024-10-02 22:46:53.042 | DEBUG    | src.common.nuitka_command.manager.manager_plugin:fetch_plugin_from_cmd:76 - 获取到29个插件
2024-10-02 22:46:54.580 | INFO     | src.model.basic_model:start:75 - 开始打包: ['E:\\load\\python\\Project\\NuitkaGUI\\.venv\\Scripts\\python.exe', '-m', 'nuitka', '--standalone', '--show-progress', '--show-memory', '--mingw64', '--disable-ccache', '--assume-yes-for-downloads', '--warn-implicit-exceptions', '--output-dir=E:\\load\\python\\Project\\nuitkaGUIOld\\测试打包\\output', '--main=E:\\load\\python\\Project\\nuitkaGUIOld\\测试打包\\hello.py', '--windows-icon-from-ico=E:\\load\\python\\Project\\NuitkaGUI\\dependence\\logo.ico']
2024-10-02 22:47:08.500 | CRITICAL | src.component.cmd_text_edit:_handle_exception:131 - Uncaught exception: Traceback (most recent call last):
  File "E:\load\python\Project\nuitkaGUI\.venv\lib\site-packages\qfluentwidgets\components\widgets\state_tool_tip.py", line 156, in __rotateTimerFlowSlot
    def __rotateTimerFlowSlot(self):
KeyboardInterrupt

2024-10-02 22:47:23.692 | INFO     | src.utils.plugin_register:load_plugins:36 - 加载了1个CommandChoiceBase插件
2024-10-02 22:47:23.814 | INFO     | src.utils.plugin_register:load_plugins:36 - 加载了1个CommandIntBase插件
2024-10-02 22:47:23.831 | INFO     | src.utils.plugin_register:load_plugins:36 - 加载了5个CommandTextBase插件
2024-10-02 22:47:23.843 | INFO     | src.utils.plugin_register:load_plugins:36 - 加载了17个CommandFlagBase插件
2024-10-02 22:47:23.846 | INFO     | src.utils.plugin_register:load_plugins:36 - 加载了3个CommandPathBase插件
2024-10-02 22:47:23.851 | INFO     | src.utils.plugin_register:load_plugins:36 - 加载了5个CommandMultipleTimesBase插件
2024-10-02 22:47:24.743 | DEBUG    | src.common.nuitka_command.manager.manager_plugin:fetch_plugin_from_cmd:76 - 获取到29个插件
2024-10-02 22:47:26.706 | INFO     | src.model.basic_model:start:75 - 开始打包: ['E:\\load\\python\\Project\\NuitkaGUI\\.venv\\Scripts\\python.exe', '-m', 'nuitka', '--standalone', '--show-progress', '--show-memory', '--mingw64', '--disable-ccache', '--assume-yes-for-downloads', '--warn-implicit-exceptions', '--output-dir=E:\\load\\python\\Project\\nuitkaGUIOld\\测试打包\\output', '--main=E:\\load\\python\\Project\\nuitkaGUIOld\\测试打包\\hello.py', '--windows-icon-from-ico=E:\\load\\python\\Project\\NuitkaGUI\\dependence\\logo.ico']
2024-10-02 22:50:33.111 | INFO     | src.utils.plugin_register:load_plugins:36 - 加载了1个CommandChoiceBase插件
2024-10-02 22:50:33.121 | INFO     | src.utils.plugin_register:load_plugins:36 - 加载了1个CommandIntBase插件
2024-10-02 22:50:33.136 | INFO     | src.utils.plugin_register:load_plugins:36 - 加载了5个CommandTextBase插件
2024-10-02 22:50:33.146 | INFO     | src.utils.plugin_register:load_plugins:36 - 加载了17个CommandFlagBase插件
2024-10-02 22:50:33.149 | INFO     | src.utils.plugin_register:load_plugins:36 - 加载了3个CommandPathBase插件
2024-10-02 22:50:33.153 | INFO     | src.utils.plugin_register:load_plugins:36 - 加载了5个CommandMultipleTimesBase插件
2024-10-02 22:50:34.263 | DEBUG    | src.common.nuitka_command.manager.manager_plugin:fetch_plugin_from_cmd:76 - 获取到29个插件
2024-10-02 22:50:39.334 | INFO     | src.model.basic_model:start:74 - 开始打包: ['E:\\load\\python\\Project\\NuitkaGUI\\.venv\\Scripts\\python.exe', '-m', 'nuitka', '--standalone', '--show-progress', '--show-memory', '--mingw64', '--disable-ccache', '--assume-yes-for-downloads', '--warn-implicit-exceptions', '--output-dir=E:\\load\\python\\Project\\nuitkaGUIOld\\测试打包\\output', '--main=E:\\load\\python\\Project\\nuitkaGUIOld\\测试打包\\hello.py', '--windows-icon-from-ico=E:\\load\\python\\Project\\NuitkaGUI\\dependence\\logo.ico']
2024-10-02 22:50:39.342 | CRITICAL | src.component.cmd_text_edit:_handle_exception:131 - Uncaught exception: Traceback (most recent call last):
  File "E:\load\python\Project\NuitkaGUI\src\utils\thread_utils.py", line 105, in start
    func_return = self.func()
  File "E:\load\python\Project\NuitkaGUI\src\presenter\basic_presenter.py", line 145, in start
    return self._model.start()
  File "E:\load\python\Project\NuitkaGUI\src\model\basic_model.py", line 77, in start
    with suppress(Exception):
NameError: name 'suppress' is not defined

2024-10-02 22:50:46.393 | CRITICAL | src.component.cmd_text_edit:_handle_exception:131 - Uncaught exception: Traceback (most recent call last):
  File "E:\load\python\Project\nuitkaGUI\.venv\lib\site-packages\qfluentwidgets\components\widgets\state_tool_tip.py", line 156, in __rotateTimerFlowSlot
    def __rotateTimerFlowSlot(self):
KeyboardInterrupt

2024-10-02 22:50:56.403 | INFO     | src.utils.plugin_register:load_plugins:36 - 加载了1个CommandChoiceBase插件
2024-10-02 22:50:56.412 | INFO     | src.utils.plugin_register:load_plugins:36 - 加载了1个CommandIntBase插件
2024-10-02 22:50:56.427 | INFO     | src.utils.plugin_register:load_plugins:36 - 加载了5个CommandTextBase插件
2024-10-02 22:50:56.437 | INFO     | src.utils.plugin_register:load_plugins:36 - 加载了17个CommandFlagBase插件
2024-10-02 22:50:56.440 | INFO     | src.utils.plugin_register:load_plugins:36 - 加载了3个CommandPathBase插件
2024-10-02 22:50:56.444 | INFO     | src.utils.plugin_register:load_plugins:36 - 加载了5个CommandMultipleTimesBase插件
2024-10-02 22:50:57.221 | DEBUG    | src.common.nuitka_command.manager.manager_plugin:fetch_plugin_from_cmd:76 - 获取到29个插件
2024-10-02 22:50:58.792 | INFO     | src.model.basic_model:start:75 - 开始打包: ['E:\\load\\python\\Project\\NuitkaGUI\\.venv\\Scripts\\python.exe', '-m', 'nuitka', '--standalone', '--show-progress', '--show-memory', '--mingw64', '--disable-ccache', '--assume-yes-for-downloads', '--warn-implicit-exceptions', '--output-dir=E:\\load\\python\\Project\\nuitkaGUIOld\\测试打包\\output', '--main=E:\\load\\python\\Project\\nuitkaGUIOld\\测试打包\\hello.py', '--windows-icon-from-ico=E:\\load\\python\\Project\\NuitkaGUI\\dependence\\logo.ico']
2024-10-02 22:50:58.796 | ERROR    | src.model.basic_model:start:90 - 无法启动进程
2024-10-02 22:51:05.774 | INFO     | src.model.basic_model:start:75 - 开始打包: ['E:\\load\\python\\Project\\NuitkaGUI\\.venv\\Scripts\\python.exe', '-m', 'nuitka', '--standalone', '--show-progress', '--show-memory', '--mingw64', '--disable-ccache', '--assume-yes-for-downloads', '--warn-implicit-exceptions', '--output-dir=E:\\load\\python\\Project\\nuitkaGUIOld\\测试打包\\output', '--main=E:\\load\\python\\Project\\nuitkaGUIOld\\测试打包\\hello.py', '--windows-icon-from-ico=E:\\load\\python\\Project\\NuitkaGUI\\dependence\\logo.ico']
2024-10-02 22:51:05.778 | ERROR    | src.model.basic_model:start:90 - 无法启动进程
2024-10-02 22:51:50.776 | INFO     | src.utils.plugin_register:load_plugins:36 - 加载了1个CommandChoiceBase插件
2024-10-02 22:51:50.785 | INFO     | src.utils.plugin_register:load_plugins:36 - 加载了1个CommandIntBase插件
2024-10-02 22:51:50.800 | INFO     | src.utils.plugin_register:load_plugins:36 - 加载了5个CommandTextBase插件
2024-10-02 22:51:50.810 | INFO     | src.utils.plugin_register:load_plugins:36 - 加载了17个CommandFlagBase插件
2024-10-02 22:51:50.813 | INFO     | src.utils.plugin_register:load_plugins:36 - 加载了3个CommandPathBase插件
2024-10-02 22:51:50.818 | INFO     | src.utils.plugin_register:load_plugins:36 - 加载了5个CommandMultipleTimesBase插件
2024-10-02 22:51:51.791 | DEBUG    | src.common.nuitka_command.manager.manager_plugin:fetch_plugin_from_cmd:76 - 获取到29个插件
2024-10-02 22:51:53.197 | INFO     | src.model.basic_model:start:75 - 开始打包: ['E:\\load\\python\\Project\\NuitkaGUI\\.venv\\Scripts\\python.exe', '-m', 'nuitka', '--standalone', '--show-progress', '--show-memory', '--mingw64', '--disable-ccache', '--assume-yes-for-downloads', '--warn-implicit-exceptions', '--output-dir=E:\\load\\python\\Project\\nuitkaGUIOld\\测试打包\\output', '--main=E:\\load\\python\\Project\\nuitkaGUIOld\\测试打包\\hello.py', '--windows-icon-from-ico=E:\\load\\python\\Project\\NuitkaGUI\\dependence\\logo.ico']
2024-10-02 22:52:03.126 | CRITICAL | src.component.cmd_text_edit:_handle_exception:131 - Uncaught exception: Traceback (most recent call last):
  File "E:\load\python\Project\nuitkaGUI\.venv\lib\site-packages\qfluentwidgets\components\widgets\state_tool_tip.py", line 156, in __rotateTimerFlowSlot
    def __rotateTimerFlowSlot(self):
KeyboardInterrupt

2024-10-02 22:52:28.018 | INFO     | src.utils.plugin_register:load_plugins:36 - 加载了1个CommandChoiceBase插件
2024-10-02 22:52:28.028 | INFO     | src.utils.plugin_register:load_plugins:36 - 加载了1个CommandIntBase插件
2024-10-02 22:52:28.046 | INFO     | src.utils.plugin_register:load_plugins:36 - 加载了5个CommandTextBase插件
2024-10-02 22:52:28.059 | INFO     | src.utils.plugin_register:load_plugins:36 - 加载了17个CommandFlagBase插件
2024-10-02 22:52:28.063 | INFO     | src.utils.plugin_register:load_plugins:36 - 加载了3个CommandPathBase插件
2024-10-02 22:52:28.067 | INFO     | src.utils.plugin_register:load_plugins:36 - 加载了5个CommandMultipleTimesBase插件
2024-10-02 22:52:28.920 | DEBUG    | src.common.nuitka_command.manager.manager_plugin:fetch_plugin_from_cmd:76 - 获取到29个插件
2024-10-02 22:52:37.736 | INFO     | src.model.basic_model:start:75 - 开始打包: ['E:\\load\\python\\Project\\NuitkaGUI\\.venv\\Scripts\\python.exe', '-m', 'nuitka', '--standalone', '--show-progress', '--show-memory', '--mingw64', '--disable-ccache', '--assume-yes-for-downloads', '--warn-implicit-exceptions', '--output-dir=E:\\load\\python\\Project\\nuitkaGUIOld\\测试打包\\output', '--main=E:\\load\\python\\Project\\nuitkaGUIOld\\测试打包\\hello.py', '--windows-icon-from-ico=E:\\load\\python\\Project\\NuitkaGUI\\dependence\\logo.ico']
2024-10-02 22:53:20.602 | INFO     | src.model.basic_model:start:78 - 打包结束: CompletedProcess(args=['E:\\load\\python\\Project\\NuitkaGUI\\.venv\\Scripts\\python.exe', '-m', 'nuitka', '--standalone', '--show-progress', '--show-memory', '--mingw64', '--disable-ccache', '--assume-yes-for-downloads', '--warn-implicit-exceptions', '--output-dir=E:\\load\\python\\Project\\nuitkaGUIOld\\测试打包\\output', '--main=E:\\load\\python\\Project\\nuitkaGUIOld\\测试打包\\hello.py', '--windows-icon-from-ico=E:\\load\\python\\Project\\NuitkaGUI\\dependence\\logo.ico'], returncode=0)
